<?xml version="1.0" encoding="UTF-8"?>
<!-- Generated by org.testng.reporters.JUnitXMLReporter -->
<testsuite hostname="Shallu-PC" name="Default test" tests="5" failures="0" timestamp="6 Sep 2019 10:45:52 GMT" time="32.243" errors="0">
  <testcase name="OpenBrowser" time="7.085" classname="TestNgApp.Myntra"/>
  <testcase name="LogIn" time="2.529" classname="TestNgApp.Myntra"/>
  <testcase name="SelectMen" time="7.467" classname="TestNgApp.Myntra"/>
  <testcase name="SelectJacket" time="12.553" classname="TestNgApp.Myntra"/>
  <testcase name="WishList" time="2.581" classname="TestNgApp.Myntra"/>
</testsuite> <!-- Default test -->
