<?xml version="1.0" encoding="UTF-8"?>
<!-- Generated by org.testng.reporters.JUnitXMLReporter -->
<testsuite hostname="Shallu-PC" name="Cross Browser On Mod 5 Assignment" tests="2" failures="0" timestamp="17 Aug 2019 12:02:23 GMT" time="0.056" errors="0">
  <testcase name="@BeforeTest OpenAUT" time="0.0" classname="TestNgApp.Mod5AssignmentWithTestNg">
    <failure type="java.lang.NullPointerException">
      <![CDATA[java.lang.NullPointerException
	at TestNgApp.Mod5AssignmentWithTestNg.OpenAUT(Mod5AssignmentWithTestNg.java:48)
... Removed 22 stack frames]]>
    </failure>
  </testcase> <!-- @BeforeTest OpenAUT -->
  <testcase name="LogIn" time="0.003" classname="TestNgApp.Mod5AssignmentWithTestNg">
    <skipped/>
  </testcase> <!-- LogIn -->
  <testcase name="OpenBrowser" time="0.004" classname="TestNgApp.Mod5AssignmentWithTestNg">
    <skipped/>
  </testcase> <!-- OpenBrowser -->
</testsuite> <!-- Cross Browser On Mod 5 Assignment -->
