<?xml version="1.0" encoding="UTF-8"?>
<!-- Generated by org.testng.reporters.JUnitXMLReporter -->
<testsuite hostname="Shallu-PC" name="Cross Browser Testing Parameters Second time" tests="3" failures="2" timestamp="17 Aug 2019 12:24:29 GMT" time="0.089" errors="0">
  <testcase name="OpenBrowser" time="0.008" classname="TestNgApp.CrossBrowserOnMod5">
    <skipped/>
  </testcase> <!-- OpenBrowser -->
  <testcase name="OpenAUT" time="0.003" classname="TestNgApp.CrossBrowserOnMod5">
    <failure type="java.lang.NullPointerException">
      <![CDATA[java.lang.NullPointerException
	at TestNgApp.CrossBrowserOnMod5.OpenAUT(CrossBrowserOnMod5.java:46)
	at java.util.concurrent.FutureTask.run(Unknown Source)
	at java.util.concurrent.ThreadPoolExecutor.runWorker(Unknown Source)
	at java.util.concurrent.ThreadPoolExecutor$Worker.run(Unknown Source)
	at java.lang.Thread.run(Unknown Source)
... Removed 16 stack frames]]>
    </failure>
  </testcase> <!-- OpenAUT -->
  <testcase name="LogIn" time="0.019" classname="TestNgApp.CrossBrowserOnMod5">
    <failure type="java.lang.NullPointerException">
      <![CDATA[java.lang.NullPointerException
	at TestNgApp.CrossBrowserOnMod5.LogIn(CrossBrowserOnMod5.java:56)
	at java.util.concurrent.FutureTask.run(Unknown Source)
	at java.util.concurrent.ThreadPoolExecutor.runWorker(Unknown Source)
	at java.util.concurrent.ThreadPoolExecutor$Worker.run(Unknown Source)
	at java.lang.Thread.run(Unknown Source)
... Removed 16 stack frames]]>
    </failure>
  </testcase> <!-- LogIn -->
</testsuite> <!-- Cross Browser Testing Parameters Second time -->
