<?xml version="1.0" encoding="UTF-8"?>
<!-- Generated by org.testng.reporters.JUnitXMLReporter -->
<testsuite hostname="Shallu-PC" name="Cross browser Testing on Mod 5 with setting Parameters" tests="3" failures="0" timestamp="17 Aug 2019 12:24:46 GMT" time="16.713" errors="0">
  <testcase name="OpenBrowser" time="3.664" classname="TestNgApp.CrossBrowserOnMod5"/>
  <testcase name="OpenAUT" time="7.324" classname="TestNgApp.CrossBrowserOnMod5"/>
  <testcase name="LogIn" time="5.695" classname="TestNgApp.CrossBrowserOnMod5"/>
</testsuite> <!-- Cross browser Testing on Mod 5 with setting Parameters -->
