<?xml version="1.0" encoding="UTF-8"?>
<!-- Generated by org.testng.reporters.JUnitXMLReporter -->
<testsuite hostname="Shallu-PC" name="Running Myntra for men Jackets" tests="5" failures="0" timestamp="6 Sep 2019 10:50:48 GMT" time="31.294" errors="0">
  <testcase name="OpenBrowser" time="7.48" classname="TestNgApp.Myntra"/>
  <testcase name="LogIn" time="2.86" classname="TestNgApp.Myntra"/>
  <testcase name="SelectMen" time="7.158" classname="TestNgApp.Myntra"/>
  <testcase name="SelectJacket" time="12.606" classname="TestNgApp.Myntra"/>
  <testcase name="WishList" time="1.171" classname="TestNgApp.Myntra"/>
</testsuite> <!-- Running Myntra for men Jackets -->
