<?xml version="1.0" encoding="UTF-8"?>
<!-- Generated by org.testng.reporters.JUnitXMLReporter -->
<testsuite hostname="Shallu-PC" name="Mod6 Case Study Edureka with another user and same email id" tests="3" failures="0" timestamp="2 Sep 2019 14:03:07 GMT" time="12.64" errors="0">
  <testcase name="LaunchBrowser" time="5.512" classname="TestNgApp.Mod6CaseStudy"/>
  <testcase name="OpenAUT" time="7.117" classname="TestNgApp.Mod6CaseStudy"/>
  <testcase name="ReRegister" time="0.003" classname="TestNgApp.Mod6CaseStudy"/>
</testsuite> <!-- Mod6 Case Study Edureka with another user and same email id -->
