<?xml version="1.0" encoding="UTF-8"?>
<!-- Generated by org.testng.reporters.JUnitXMLReporter -->
<testsuite hostname="Shallu-PC" name="Mod6 Case Study Edureka with second user and seperate email id" tests="3" failures="0" timestamp="2 Sep 2019 14:03:27 GMT" time="19.495" errors="0">
  <testcase name="LaunchBrowser" time="6.781" classname="TestNgApp.Mod6CaseStudy"/>
  <testcase name="OpenAUT" time="7.453" classname="TestNgApp.Mod6CaseStudy"/>
  <testcase name="ReRegister" time="5.253" classname="TestNgApp.Mod6CaseStudy"/>
</testsuite> <!-- Mod6 Case Study Edureka with second user and seperate email id -->
