<?xml version="1.0" encoding="UTF-8"?>
<!-- Generated by org.testng.reporters.JUnitXMLReporter -->
<testsuite hostname="Shallu-PC" name="Mod6 Case Study Edureka with third user and seperate email id" tests="3" failures="0" timestamp="2 Sep 2019 14:03:45 GMT" time="18.493" errors="0">
  <testcase name="LaunchBrowser" time="5.748" classname="TestNgApp.Mod6CaseStudy"/>
  <testcase name="OpenAUT" time="7.115" classname="TestNgApp.Mod6CaseStudy"/>
  <testcase name="ReRegister" time="5.624" classname="TestNgApp.Mod6CaseStudy"/>
</testsuite> <!-- Mod6 Case Study Edureka with third user and seperate email id -->
