<?xml version="1.0" encoding="UTF-8"?>
<!-- Generated by org.testng.reporters.JUnitXMLReporter -->
<testsuite hostname="Shallu-PC" name="Mod6 Case Study Edureka with another user" tests="3" failures="0" timestamp="19 Aug 2019 14:15:01 GMT" time="6.782" errors="0">
  <testcase name="LaunchBrowser" time="2.191" classname="TestNgApp.Mod6CaseStudy"/>
  <testcase name="OpenAUT" time="4.574" classname="TestNgApp.Mod6CaseStudy"/>
  <testcase name="ReRegister" time="0.002" classname="TestNgApp.Mod6CaseStudy"/>
</testsuite> <!-- Mod6 Case Study Edureka with another user -->
