<?xml version="1.0" encoding="UTF-8"?>
<!-- Generated by org.testng.reporters.JUnitXMLReporter -->
<testsuite hostname="Shallu-PC" name="Mod6 Case Study Edureka" tests="5" failures="0" timestamp="2 Sep 2019 14:02:55 GMT" time="41.69" errors="0">
  <testcase name="LaunchBrowser" time="6.991" classname="TestNgApp.Mod6CaseStudy"/>
  <testcase name="OpenAUT" time="7.993" classname="TestNgApp.Mod6CaseStudy"/>
  <testcase name="LogIn" time="5.486" classname="TestNgApp.Mod6CaseStudy"/>
  <testcase name="ExploreCourses" time="14.976" classname="TestNgApp.Mod6CaseStudy"/>
  <testcase name="LogOut" time="6.215" classname="TestNgApp.Mod6CaseStudy"/>
</testsuite> <!-- Mod6 Case Study Edureka -->
