<?xml version="1.0" encoding="UTF-8"?>
<!-- Generated by org.testng.reporters.JUnitXMLReporter -->
<testsuite hostname="Shallu-PC" name="Mod6 Case Study Edureka with another user and seperate email id" tests="3" failures="0" timestamp="20 Aug 2019 07:58:08 GMT" time="13.464" errors="0">
  <testcase name="LaunchBrowser" time="2.268" classname="TestNgApp.Mod6CaseStudy"/>
  <testcase name="OpenAUT" time="6.227" classname="TestNgApp.Mod6CaseStudy"/>
  <testcase name="ReRegister" time="4.96" classname="TestNgApp.Mod6CaseStudy"/>
</testsuite> <!-- Mod6 Case Study Edureka with another user and seperate email id -->
