<?xml version="1.0" encoding="UTF-8"?>
<!-- Generated by org.testng.reporters.JUnitXMLReporter -->
<testsuite hostname="Shallu-PC" name="Cross Browser Testing Parameters Second time" tests="2" failures="0" timestamp="17 Aug 2019 12:20:18 GMT" time="0.085" errors="0">
  <testcase name="@BeforeTest OpenAUT" time="0.0" classname="TestNgApp.CrossBrowserOnMod5">
    <failure type="java.lang.NullPointerException">
      <![CDATA[java.lang.NullPointerException
	at TestNgApp.CrossBrowserOnMod5.OpenAUT(CrossBrowserOnMod5.java:45)
	at java.util.concurrent.FutureTask.run(Unknown Source)
	at java.util.concurrent.ThreadPoolExecutor.runWorker(Unknown Source)
	at java.util.concurrent.ThreadPoolExecutor$Worker.run(Unknown Source)
	at java.lang.Thread.run(Unknown Source)
... Removed 14 stack frames]]>
    </failure>
  </testcase> <!-- @BeforeTest OpenAUT -->
  <testcase name="OpenBrowser" time="0.006" classname="TestNgApp.CrossBrowserOnMod5">
    <skipped/>
  </testcase> <!-- OpenBrowser -->
  <testcase name="LogIn" time="0.021" classname="TestNgApp.CrossBrowserOnMod5">
    <skipped/>
  </testcase> <!-- LogIn -->
</testsuite> <!-- Cross Browser Testing Parameters Second time -->
